
> blogger@0.0.0 start /home/bitnami/blogger
> node ./bin/www

[0mGET /stylesheets/style.css [36m304 [0m5.791 ms - -[0m
[0mGET / [32m200 [0m14.171 ms - 645[0m
[0mGET /stylesheets/style.css [36m304 [0m0.366 ms - -[0m
[0mGET / [32m200 [0m1.762 ms - 645[0m
[0mGET / [32m200 [0m0.676 ms - 645[0m
[0mGET / [32m200 [0m0.688 ms - 645[0m
[0mGET /stylesheets/style.css [36m304 [0m0.227 ms - -[0m
[0mGET /stylesheets/style.css [36m304 [0m0.234 ms - -[0m
[0mGET /blogadd [36m304 [0m1.201 ms - -[0m
[0mGET /stylesheets/style.css [36m304 [0m0.298 ms - -[0m
[0mGET /bloglist [36m304 [0m0.997 ms - -[0m
[0mGET /stylesheets/style.css [36m304 [0m0.304 ms - -[0m
[0mGET / [36m304 [0m0.955 ms - -[0m
[0mGET /stylesheets/style.css [36m304 [0m0.985 ms - -[0m
[0mGET /stylesheets/style.css [36m304 [0m0.308 ms - -[0m
[0mGET /blogadd [36m304 [0m0.909 ms - -[0m
[0mGET /stylesheets/style.css [36m304 [0m0.287 ms - -[0m
[0mGET /bloglist [36m304 [0m1.030 ms - -[0m
[0mGET /stylesheets/style.css [36m304 [0m0.295 ms - -[0m
[0mGET / [36m304 [0m0.792 ms - -[0m
[0mGET /stylesheets/style.css [36m304 [0m0.299 ms - -[0m
[0mGET / [32m200 [0m0.711 ms - 645[0m
[0mGET /stylesheets/style.css [36m304 [0m0.238 ms - -[0m
[0mGET /stylesheets/style.css [36m304 [0m0.299 ms - -[0m
[0mGET / [32m200 [0m0.783 ms - 645[0m
[0mGET /stylesheets/style.css [36m304 [0m0.213 ms - -[0m
[0mGET /stylesheets/style.css [36m304 [0m0.280 ms - -[0m
[0mGET / [32m200 [0m0.746 ms - 645[0m
[0mGET / [32m200 [0m0.853 ms - 645[0m
[0mGET / [32m200 [0m0.579 ms - 645[0m
[0mGET / [32m200 [0m0.746 ms - 645[0m
[0mGET / [32m200 [0m0.797 ms - 645[0m
[0mGET / [32m200 [0m0.917 ms - 645[0m
[0mGET / [32m200 [0m0.761 ms - 645[0m
[0mGET /JZHp [33m404 [0m1.325 ms - 913[0m
[0mGET / [32m200 [0m0.813 ms - 645[0m
[0mGET / [32m200 [0m0.814 ms - 645[0m
[0mGET /struts2-rest-showcase/orders.xhtml [33m404 [0m1.041 ms - 913[0m
[0mGET /index.action [33m404 [0m0.637 ms - 913[0m
[0mGET /index.do [33m404 [0m0.704 ms - 913[0m
[0mGET / [32m200 [0m0.771 ms - 645[0m
[0mGET / [32m200 [0m0.763 ms - 645[0m
[0mGET / [32m200 [0m3.317 ms - 645[0m
[0mGET / [32m200 [0m0.737 ms - 645[0m
[0mGET / [32m200 [0m0.760 ms - 645[0m
[0mGET / [32m200 [0m0.764 ms - 645[0m
[0mGET / [32m200 [0m0.723 ms - 645[0m
[0mGET /TP/public/index.php [33m404 [0m1.609 ms - 913[0m
[0mGET /TP/index.php [33m404 [0m0.760 ms - 913[0m
[0mGET /thinkphp/html/public/index.php [33m404 [0m0.690 ms - 913[0m
[0mGET /html/public/index.php [33m404 [0m0.670 ms - 913[0m
[0mGET /public/index.php [33m404 [0m0.734 ms - 913[0m
[0mGET /TP/html/public/index.php [33m404 [0m0.741 ms - 913[0m
[0mGET /elrekt.php [33m404 [0m0.665 ms - 913[0m
[0mGET /index.php [33m404 [0m0.703 ms - 913[0m
[0mGET / [32m200 [0m0.791 ms - 645[0m
[0mGET / [32m200 [0m0.748 ms - 645[0m
[0mGET / [32m200 [0m0.761 ms - 645[0m
[0mGET / [32m200 [0m0.734 ms - 645[0m
[0mGET / [32m200 [0m0.565 ms - 645[0m
[0mGET / [32m200 [0m0.733 ms - 645[0m
[0mGET / [32m200 [0m0.786 ms - 645[0m
[0mGET / [32m200 [0m1.087 ms - 645[0m
[0mGET / [32m200 [0m0.789 ms - 645[0m
[0mGET / [32m200 [0m0.869 ms - 645[0m
[0mGET / [32m200 [0m1.720 ms - 645[0m
[0mGET /stylesheets/style.css [32m200 [0m21.460 ms - 111[0m
[0mGET /favicon.ico [33m404 [0m2.176 ms - 913[0m
[0mGET / [32m200 [0m1.666 ms - 645[0m
[0mGET / [32m200 [0m1.228 ms - 645[0m
[0mGET /stylesheets/style.css [32m200 [0m0.848 ms - 111[0m
[0mGET /favicon.ico [33m404 [0m0.872 ms - 913[0m
[0mGET / [36m304 [0m0.884 ms - -[0m
[0mGET /stylesheets/style.css [36m304 [0m3.417 ms - -[0m
[0mGET / [32m200 [0m0.814 ms - 645[0m
[0mGET / [32m200 [0m0.815 ms - 645[0m
[0mGET / [32m200 [0m0.779 ms - 645[0m
[0mGET / [32m200 [0m0.736 ms - 645[0m
[0mGET / [32m200 [0m0.772 ms - 645[0m
[0mGET / [32m200 [0m0.742 ms - 645[0m
[0mGET / [32m200 [0m0.910 ms - 645[0m
[0mGET /mysql/admin/index.php?lang=en [33m404 [0m0.885 ms - 913[0m
[0mGET / [32m200 [0m0.939 ms - 645[0m
[0mGET / [32m200 [0m0.765 ms - 645[0m
[0mGET / [32m200 [0m0.795 ms - 645[0m
[0mGET / [32m200 [0m0.742 ms - 645[0m
[0mGET / [32m200 [0m0.779 ms - 645[0m
[0mGET /stylesheets/style.css [36m304 [0m0.337 ms - -[0m
[0mGET / [32m200 [0m0.661 ms - 645[0m
[0mGET /bloglist [36m304 [0m1.630 ms - -[0m
[0mGET /stylesheets/style.css [36m304 [0m0.330 ms - -[0m
[0mGET /blogadd [36m304 [0m1.570 ms - -[0m
[0mGET /stylesheets/style.css [36m304 [0m0.322 ms - -[0m
